0 info it worked if it ends with ok
1 verbose cli [ '/usr/local/node/node-v0.12.7/bin/node',
1 verbose cli   '/usr/local/node/node-default/bin/npm',
1 verbose cli   'install',
1 verbose cli   'express-generator',
1 verbose cli   '-g' ]
2 info using npm@2.11.3
3 info using node@v0.12.7
4 verbose install initial load of /usr/local/node/node-v0.12.7/lib/package.json
5 verbose readDependencies loading dependencies from /usr/local/node/node-v0.12.7/lib/package.json
6 silly cache add args [ 'express-generator', null ]
7 verbose cache add spec express-generator
8 silly cache add parsed spec { raw: 'express-generator',
8 silly cache add   scope: null,
8 silly cache add   name: 'express-generator',
8 silly cache add   rawSpec: '',
8 silly cache add   spec: '*',
8 silly cache add   type: 'range' }
9 silly addNamed express-generator@*
10 verbose addNamed "*" is a valid semver range for express-generator
11 silly addNameRange { name: 'express-generator', range: '*', hasData: false }
12 silly mapToRegistry name express-generator
13 silly mapToRegistry using default registry
14 silly mapToRegistry registry https://registry.npmjs.org/
15 silly mapToRegistry uri https://registry.npmjs.org/express-generator
16 verbose addNameRange registry:https://registry.npmjs.org/express-generator not in flight; fetching
17 verbose request uri https://registry.npmjs.org/express-generator
18 verbose request no auth needed
19 info attempt registry request try #1 at 12:24:41
20 verbose request id c09b7c08b611b77e
21 verbose etag "2NHMAM428LCLFRXI8E8PBJM75"
22 http request GET https://registry.npmjs.org/express-generator
23 http 304 https://registry.npmjs.org/express-generator
24 silly get cb [ 304,
24 silly get   { date: 'Fri, 24 Jul 2015 12:24:43 GMT',
24 silly get     via: '1.1 varnish',
24 silly get     'cache-control': 'max-age=60',
24 silly get     etag: '"2NHMAM428LCLFRXI8E8PBJM75"',
24 silly get     age: '51',
24 silly get     connection: 'keep-alive',
24 silly get     'x-served-by': 'cache-hkg6821-HKG',
24 silly get     'x-cache': 'HIT',
24 silly get     'x-cache-hits': '2',
24 silly get     'x-timer': 'S1437740683.300271,VS0,VE0',
24 silly get     vary: 'Accept' } ]
25 verbose etag https://registry.npmjs.org/express-generator from cache
26 verbose get saving express-generator to /home/vagrant/.npm/registry.npmjs.org/express-generator/.cache.json
27 silly addNameRange number 2 { name: 'express-generator', range: '*', hasData: true }
28 silly addNameRange versions [ 'express-generator',
28 silly addNameRange   [ '1.0.0',
28 silly addNameRange     '3.0.0',
28 silly addNameRange     '4.0.0',
28 silly addNameRange     '4.2.0',
28 silly addNameRange     '4.8.0',
28 silly addNameRange     '4.9.0',
28 silly addNameRange     '4.10.0',
28 silly addNameRange     '4.11.0',
28 silly addNameRange     '4.11.1',
28 silly addNameRange     '4.11.2',
28 silly addNameRange     '4.12.0',
28 silly addNameRange     '4.12.1',
28 silly addNameRange     '4.12.4',
28 silly addNameRange     '4.13.0',
28 silly addNameRange     '4.13.1' ] ]
29 silly addNamed express-generator@4.13.1
30 verbose addNamed "4.13.1" is a plain semver version for express-generator
31 silly cache afterAdd express-generator@4.13.1
32 verbose afterAdd /home/vagrant/.npm/express-generator/4.13.1/package/package.json not in flight; writing
33 verbose afterAdd /home/vagrant/.npm/express-generator/4.13.1/package/package.json written
34 silly install resolved [ { name: 'express-generator',
34 silly install resolved     description: 'Express\' application generator',
34 silly install resolved     version: '4.13.1',
34 silly install resolved     author: { name: 'TJ Holowaychuk', email: 'tj@vision-media.ca' },
34 silly install resolved     contributors: [ [Object], [Object], [Object], [Object], [Object], [Object] ],
34 silly install resolved     keywords:
34 silly install resolved      [ 'express',
34 silly install resolved        'framework',
34 silly install resolved        'sinatra',
34 silly install resolved        'web',
34 silly install resolved        'rest',
34 silly install resolved        'restful',
34 silly install resolved        'router',
34 silly install resolved        'app',
34 silly install resolved        'api' ],
34 silly install resolved     repository:
34 silly install resolved      { type: 'git',
34 silly install resolved        url: 'git+https://github.com/expressjs/generator.git' },
34 silly install resolved     license: 'MIT',
34 silly install resolved     dependencies: { commander: '2.7.1', mkdirp: '0.5.1', 'sorted-object': '1.0.0' },
34 silly install resolved     main: 'bin/express',
34 silly install resolved     preferGlobal: true,
34 silly install resolved     bin: { express: './bin/express' },
34 silly install resolved     devDependencies: { mocha: '2.2.5', rimraf: '~2.2.8', supertest: '1.0.1' },
34 silly install resolved     engines: { node: '>= 0.10' },
34 silly install resolved     files: [ 'LICENSE', 'bin/', 'templates/' ],
34 silly install resolved     scripts:
34 silly install resolved      { test: 'mocha --reporter spec --bail --check-leaks test/',
34 silly install resolved        'test-ci': 'mocha --reporter spec --check-leaks test/' },
34 silly install resolved     gitHead: '4936300029c48655cadca63d063560f67f28c79e',
34 silly install resolved     bugs: { url: 'https://github.com/expressjs/generator/issues' },
34 silly install resolved     homepage: 'https://github.com/expressjs/generator',
34 silly install resolved     _id: 'express-generator@4.13.1',
34 silly install resolved     _shasum: '58351b31f0c7da770c2872bf2a50b9e9359f9968',
34 silly install resolved     _from: 'express-generator@*',
34 silly install resolved     _npmVersion: '1.4.28',
34 silly install resolved     _npmUser: { name: 'dougwilson', email: 'doug@somethingdoug.com' },
34 silly install resolved     maintainers: [ [Object], [Object], [Object], [Object], [Object], [Object] ],
34 silly install resolved     dist:
34 silly install resolved      { shasum: '58351b31f0c7da770c2872bf2a50b9e9359f9968',
34 silly install resolved        tarball: 'http://registry.npmjs.org/express-generator/-/express-generator-4.13.1.tgz' },
34 silly install resolved     directories: {},
34 silly install resolved     _resolved: 'https://registry.npmjs.org/express-generator/-/express-generator-4.13.1.tgz',
34 silly install resolved     readme: 'ERROR: No README data found!' } ]
35 info install express-generator@4.13.1 into /usr/local/node/node-v0.12.7/lib
36 info installOne express-generator@4.13.1
37 verbose installOne of express-generator to /usr/local/node/node-v0.12.7/lib not in flight; installing
38 verbose lock using /home/vagrant/.npm/_locks/express-generator-73b36c27683b2035.lock for /usr/local/node/node-v0.12.7/lib/node_modules/express-generator
39 silly install write writing express-generator 4.13.1 to /usr/local/node/node-v0.12.7/lib/node_modules/express-generator
40 verbose unbuild lib/node_modules/express-generator
41 info preuninstall express-generator@4.13.1
42 info uninstall express-generator@4.13.1
43 verbose unbuild rmStuff express-generator@4.13.1 from /usr/local/node/node-v0.12.7/lib/node_modules
44 silly gentlyRm /usr/local/node/node-v0.12.7/bin/express is being gently removed
45 silly gentlyRm verifying /usr/local/node/node-v0.12.7 is an npm working directory
46 silly gentlyRm containing path /usr/local/node/node-v0.12.7 is under npm's control, in /usr/local/node/node-v0.12.7
47 silly gentlyRm deletion target /usr/local/node/node-v0.12.7/bin/express is under /usr/local/node/node-v0.12.7
48 verbose gentlyRm vacuuming from /usr/local/node/node-v0.12.7/bin/express up to /usr/local/node/node-v0.12.7
49 silly vacuum-fs removing /usr/local/node/node-v0.12.7/bin/express
50 verbose unlock done using /home/vagrant/.npm/_locks/express-generator-73b36c27683b2035.lock for /usr/local/node/node-v0.12.7/lib/node_modules/express-generator
51 verbose stack Error: EACCES, unlink '/usr/local/node/node-v0.12.7/bin/express'
51 verbose stack     at Error (native)
52 verbose cwd /appl/express-app
53 error Linux 3.2.0-23-generic
54 error argv "/usr/local/node/node-v0.12.7/bin/node" "/usr/local/node/node-default/bin/npm" "install" "express-generator" "-g"
55 error node v0.12.7
56 error npm  v2.11.3
57 error path /usr/local/node/node-v0.12.7/bin/express
58 error code EACCES
59 error errno -13
60 error Error: EACCES, unlink '/usr/local/node/node-v0.12.7/bin/express'
60 error     at Error (native)
60 error  { [Error: EACCES, unlink '/usr/local/node/node-v0.12.7/bin/express']
60 error   errno: -13,
60 error   code: 'EACCES',
60 error   path: '/usr/local/node/node-v0.12.7/bin/express' }
61 error Please try running this command again as root/Administrator.
62 verbose exit [ -13, true ]
63 verbose unbuild lib/node_modules/express-generator
64 info preuninstall express-generator@4.13.1
65 info uninstall express-generator@4.13.1
66 verbose unbuild rmStuff express-generator@4.13.1 from /usr/local/node/node-v0.12.7/lib/node_modules
67 silly gentlyRm /usr/local/node/node-v0.12.7/bin/express is being gently removed
68 silly gentlyRm verifying /usr/local/node/node-v0.12.7 is an npm working directory
69 silly gentlyRm containing path /usr/local/node/node-v0.12.7 is under npm's control, in /usr/local/node/node-v0.12.7
70 silly gentlyRm deletion target /usr/local/node/node-v0.12.7/bin/express is under /usr/local/node/node-v0.12.7
71 verbose gentlyRm vacuuming from /usr/local/node/node-v0.12.7/bin/express up to /usr/local/node/node-v0.12.7
72 silly vacuum-fs removing /usr/local/node/node-v0.12.7/bin/express
73 error error rolling back Error: EACCES, unlink '/usr/local/node/node-v0.12.7/bin/express'
73 error error rolling back     at Error (native)
73 error error rolling back  { [Error: EACCES, unlink '/usr/local/node/node-v0.12.7/bin/express']
73 error error rolling back   errno: -13,
73 error error rolling back   code: 'EACCES',
73 error error rolling back   path: '/usr/local/node/node-v0.12.7/bin/express' }
